17:33:10 **** Incremental Build of configuration Debug for project per_test ****
make all 
make: Nothing to be done for 'all'.
17:33:16 **** Incremental Build of configuration Debug for project per_test ****
make all 
make: Nothing to be done for 'all'.
17:34:53 **** Auto Build of configuration Debug for project per_test ****
make all 
'Building file: ../src/testperiph.c'
'Invoking: MicroBlaze gcc compiler'
mb-gcc -Wall -O0 -g3 -c -fmessage-length=0 -MT"src/testperiph.o" -I../../start_project_bsp/microblaze_0/include -mlittle-endian -mcpu=v11.0 -mxl-soft-mul -Wl,--no-relax -ffunction-sections -fdata-sections -MMD -MP -MF"src/testperiph.d" -MT"src/testperiph.o" -o "src/testperiph.o" "../src/testperiph.c"
../src/testperiph.c: In function 'main':
../src/testperiph.c:82:5: warning: implicit declaration of function 'GetSystemValues' [-Wimplicit-function-declaration]
     GetSystemValues();
     ^~~~~~~~~~~~~~~
../src/testperiph.c:83:5: warning: implicit declaration of function 'SetValuesInAddressSpace' [-Wimplicit-function-declaration]
     SetValuesInAddressSpace();
     ^~~~~~~~~~~~~~~~~~~~~~~
../src/testperiph.c:97:5: warning: implicit declaration of function 'GetData' [-Wimplicit-function-declaration]
     GetData(&axi_uartlite_0_UartLite); // тестова€, надо ждать прерывани€
     ^~~~~~~
../src/testperiph.c:107:5: warning: implicit declaration of function 'SendData' [-Wimplicit-function-declaration]
     SendData(&axi_uartlite_0_UartLite, PrepareDataToSend());
     ^~~~~~~~
../src/testperiph.c:107:40: warning: implicit declaration of function 'PrepareDataToSend' [-Wimplicit-function-declaration]
     SendData(&axi_uartlite_0_UartLite, PrepareDataToSend());
                                        ^~~~~~~~~~~~~~~~~
../src/testperiph.c:113:5: warning: implicit declaration of function 'GpioOutputWrite'; did you mean 'XGpio_DiscreteWrite'? [-Wimplicit-function-declaration]
     GpioOutputWrite(GetByte(1));
     ^~~~~~~~~~~~~~~
     XGpio_DiscreteWrite
../src/testperiph.c:113:21: warning: implicit declaration of function 'GetByte'; did you mean 'outbyte'? [-Wimplicit-function-declaration]
     GpioOutputWrite(GetByte(1));
                     ^~~~~~~
                     outbyte
'Finished building: ../src/testperiph.c'
' '
'Building target: per_test.elf'
'Invoking: MicroBlaze gcc linker'
mb-gcc -Wl,-T -Wl,../src/lscript.ld -L../../start_project_bsp/microblaze_0/lib -mlittle-endian -mcpu=v11.0 -mxl-soft-mul -Wl,--no-relax -Wl,--gc-sections -o "per_test.elf"  ./src/CRC_Functions.o ./src/current_system_status.o ./src/initializationl_functions.o ./src/logical_functions.o ./src/testperiph.o ./src/xgpio_tapp_example.o ./src/xintc_tapp_example.o ./src/xspi_selftest_example.o ./src/xuartlite_intr_tapp_example.o ./src/xuartlite_selftest_example.o   -Wl,--start-group,-lxil,-lgcc,-lc,--end-group -Wl,--start-group,-lxilisf,-lxil,-lgcc,-lc,--end-group
'Finished building target: per_test.elf'
' '
'Invoking: MicroBlaze Print Size'
mb-size per_test.elf  |tee "per_test.elf.size"
   text	   data	    bss	    dec	    hex	filename
  12984	    908	   5852	  19744	   4d20	per_test.elf
'Finished building: per_test.elf.size'
' '
17:34:56 **** Incremental Build of configuration Debug for project per_test ****
make all 
make: Nothing to be done for 'all'.
17:44:15 **** Auto Build of configuration Debug for project per_test ****
make all 
'Building file: ../src/testperiph.c'
'Invoking: MicroBlaze gcc compiler'
mb-gcc -Wall -O0 -g3 -c -fmessage-length=0 -MT"src/testperiph.o" -I../../start_project_bsp/microblaze_0/include -mlittle-endian -mcpu=v11.0 -mxl-soft-mul -Wl,--no-relax -ffunction-sections -fdata-sections -MMD -MP -MF"src/testperiph.d" -MT"src/testperiph.o" -o "src/testperiph.o" "../src/testperiph.c"
../src/testperiph.c: In function 'main':
../src/testperiph.c:82:5: warning: implicit declaration of function 'GetSystemValues' [-Wimplicit-function-declaration]
     GetSystemValues();
     ^~~~~~~~~~~~~~~
../src/testperiph.c:83:5: warning: implicit declaration of function 'SetValuesInAddressSpace' [-Wimplicit-function-declaration]
     SetValuesInAddressSpace();
     ^~~~~~~~~~~~~~~~~~~~~~~
../src/testperiph.c:97:5: warning: implicit declaration of function 'GetData' [-Wimplicit-function-declaration]
     GetData(&axi_uartlite_0_UartLite); // тестова€, надо ждать прерывани€
     ^~~~~~~
../src/testperiph.c:101:6: warning: implicit declaration of function 'SendData' [-Wimplicit-function-declaration]
      SendData(&axi_uartlite_0_UartLite, PrepareDataToSend());
      ^~~~~~~~
../src/testperiph.c:101:41: warning: implicit declaration of function 'PrepareDataToSend' [-Wimplicit-function-declaration]
      SendData(&axi_uartlite_0_UartLite, PrepareDataToSend());
                                         ^~~~~~~~~~~~~~~~~
../src/testperiph.c:114:5: warning: implicit declaration of function 'GpioOutputWrite'; did you mean 'XGpio_DiscreteWrite'? [-Wimplicit-function-declaration]
     GpioOutputWrite(GetByte(1));
     ^~~~~~~~~~~~~~~
     XGpio_DiscreteWrite
../src/testperiph.c:114:21: warning: implicit declaration of function 'GetByte'; did you mean 'outbyte'? [-Wimplicit-function-declaration]
     GpioOutputWrite(GetByte(1));
                     ^~~~~~~
                     outbyte
'Finished building: ../src/testperiph.c'
' '
'Building target: per_test.elf'
'Invoking: MicroBlaze gcc linker'
mb-gcc -Wl,-T -Wl,../src/lscript.ld -L../../start_project_bsp/microblaze_0/lib -mlittle-endian -mcpu=v11.0 -mxl-soft-mul -Wl,--no-relax -Wl,--gc-sections -o "per_test.elf"  ./src/CRC_Functions.o ./src/current_system_status.o ./src/initializationl_functions.o ./src/logical_functions.o ./src/testperiph.o ./src/xgpio_tapp_example.o ./src/xintc_tapp_example.o ./src/xspi_selftest_example.o ./src/xuartlite_intr_tapp_example.o ./src/xuartlite_selftest_example.o   -Wl,--start-group,-lxil,-lgcc,-lc,--end-group -Wl,--start-group,-lxilisf,-lxil,-lgcc,-lc,--end-group
'Finished building target: per_test.elf'
' '
'Invoking: MicroBlaze Print Size'
mb-size per_test.elf  |tee "per_test.elf.size"
   text	   data	    bss	    dec	    hex	filename
  12984	    908	   5852	  19744	   4d20	per_test.elf
'Finished building: per_test.elf.size'
' '
17:44:24 **** Incremental Build of configuration Debug for project per_test ****
make all 
make: Nothing to be done for 'all'.
17:46:32 **** Auto Build of configuration Debug for project per_test ****
make all 
'Building file: ../src/testperiph.c'
'Invoking: MicroBlaze gcc compiler'
mb-gcc -Wall -O0 -g3 -c -fmessage-length=0 -MT"src/testperiph.o" -I../../start_project_bsp/microblaze_0/include -mlittle-endian -mcpu=v11.0 -mxl-soft-mul -Wl,--no-relax -ffunction-sections -fdata-sections -MMD -MP -MF"src/testperiph.d" -MT"src/testperiph.o" -o "src/testperiph.o" "../src/testperiph.c"
../src/testperiph.c: In function 'main':
../src/testperiph.c:82:5: warning: implicit declaration of function 'GetSystemValues' [-Wimplicit-function-declaration]
     GetSystemValues();
     ^~~~~~~~~~~~~~~
../src/testperiph.c:83:5: warning: implicit declaration of function 'SetValuesInAddressSpace' [-Wimplicit-function-declaration]
     SetValuesInAddressSpace();
     ^~~~~~~~~~~~~~~~~~~~~~~
../src/testperiph.c:97:5: warning: implicit declaration of function 'GetData' [-Wimplicit-function-declaration]
     GetData(&axi_uartlite_0_UartLite); // тестова€, надо ждать прерывани€
     ^~~~~~~
../src/testperiph.c:101:6: warning: implicit declaration of function 'SendData' [-Wimplicit-function-declaration]
      SendData(&axi_uartlite_0_UartLite, PrepareDataToSend());
      ^~~~~~~~
../src/testperiph.c:101:41: warning: implicit declaration of function 'PrepareDataToSend' [-Wimplicit-function-declaration]
      SendData(&axi_uartlite_0_UartLite, PrepareDataToSend());
                                         ^~~~~~~~~~~~~~~~~
../src/testperiph.c:114:5: warning: implicit declaration of function 'GpioOutputWrite'; did you mean 'XGpio_DiscreteWrite'? [-Wimplicit-function-declaration]
     GpioOutputWrite(GetByte(1));
     ^~~~~~~~~~~~~~~
     XGpio_DiscreteWrite
../src/testperiph.c:114:21: warning: implicit declaration of function 'GetByte'; did you mean 'outbyte'? [-Wimplicit-function-declaration]
     GpioOutputWrite(GetByte(1));
                     ^~~~~~~
                     outbyte
'Finished building: ../src/testperiph.c'
' '
'Building target: per_test.elf'
'Invoking: MicroBlaze gcc linker'
mb-gcc -Wl,-T -Wl,../src/lscript.ld -L../../start_project_bsp/microblaze_0/lib -mlittle-endian -mcpu=v11.0 -mxl-soft-mul -Wl,--no-relax -Wl,--gc-sections -o "per_test.elf"  ./src/CRC_Functions.o ./src/current_system_status.o ./src/initializationl_functions.o ./src/logical_functions.o ./src/testperiph.o ./src/xgpio_tapp_example.o ./src/xintc_tapp_example.o ./src/xspi_selftest_example.o ./src/xuartlite_intr_tapp_example.o ./src/xuartlite_selftest_example.o   -Wl,--start-group,-lxil,-lgcc,-lc,--end-group -Wl,--start-group,-lxilisf,-lxil,-lgcc,-lc,--end-group
'Finished building target: per_test.elf'
' '
'Invoking: MicroBlaze Print Size'
mb-size per_test.elf  |tee "per_test.elf.size"
   text	   data	    bss	    dec	    hex	filename
  12980	    908	   5856	  19744	   4d20	per_test.elf
'Finished building: per_test.elf.size'
' '
17:46:36 **** Incremental Build of configuration Debug for project per_test ****
make all 
make: Nothing to be done for 'all'.
17:50:57 **** Auto Build of configuration Debug for project per_test ****
make all 
'Building file: ../src/testperiph.c'
'Invoking: MicroBlaze gcc compiler'
mb-gcc -Wall -O0 -g3 -c -fmessage-length=0 -MT"src/testperiph.o" -I../../start_project_bsp/microblaze_0/include -mlittle-endian -mcpu=v11.0 -mxl-soft-mul -Wl,--no-relax -ffunction-sections -fdata-sections -MMD -MP -MF"src/testperiph.d" -MT"src/testperiph.o" -o "src/testperiph.o" "../src/testperiph.c"
../src/testperiph.c: In function 'main':
../src/testperiph.c:82:5: warning: implicit declaration of function 'GetSystemValues' [-Wimplicit-function-declaration]
     GetSystemValues();
     ^~~~~~~~~~~~~~~
../src/testperiph.c:83:5: warning: implicit declaration of function 'SetValuesInAddressSpace' [-Wimplicit-function-declaration]
     SetValuesInAddressSpace();
     ^~~~~~~~~~~~~~~~~~~~~~~
../src/testperiph.c:97:5: warning: implicit declaration of function 'GetData' [-Wimplicit-function-declaration]
     GetData(&axi_uartlite_0_UartLite); // тестова€, надо ждать прерывани€
     ^~~~~~~
../src/testperiph.c:101:6: warning: implicit declaration of function 'SendData' [-Wimplicit-function-declaration]
      SendData(&axi_uartlite_0_UartLite, PrepareDataToSend());
      ^~~~~~~~
../src/testperiph.c:101:41: warning: implicit declaration of function 'PrepareDataToSend' [-Wimplicit-function-declaration]
      SendData(&axi_uartlite_0_UartLite, PrepareDataToSend());
                                         ^~~~~~~~~~~~~~~~~
../src/testperiph.c:114:5: warning: implicit declaration of function 'GpioOutputWrite'; did you mean 'XGpio_DiscreteWrite'? [-Wimplicit-function-declaration]
     GpioOutputWrite(GetByte(1));
     ^~~~~~~~~~~~~~~
     XGpio_DiscreteWrite
../src/testperiph.c:114:21: warning: implicit declaration of function 'GetByte'; did you mean 'outbyte'? [-Wimplicit-function-declaration]
     GpioOutputWrite(GetByte(1));
                     ^~~~~~~
                     outbyte
'Finished building: ../src/testperiph.c'
' '
'Building target: per_test.elf'
'Invoking: MicroBlaze gcc linker'
mb-gcc -Wl,-T -Wl,../src/lscript.ld -L../../start_project_bsp/microblaze_0/lib -mlittle-endian -mcpu=v11.0 -mxl-soft-mul -Wl,--no-relax -Wl,--gc-sections -o "per_test.elf"  ./src/CRC_Functions.o ./src/current_system_status.o ./src/initializationl_functions.o ./src/logical_functions.o ./src/testperiph.o ./src/xgpio_tapp_example.o ./src/xintc_tapp_example.o ./src/xspi_selftest_example.o ./src/xuartlite_intr_tapp_example.o ./src/xuartlite_selftest_example.o   -Wl,--start-group,-lxil,-lgcc,-lc,--end-group -Wl,--start-group,-lxilisf,-lxil,-lgcc,-lc,--end-group
'Finished building target: per_test.elf'
' '
'Invoking: MicroBlaze Print Size'
mb-size per_test.elf  |tee "per_test.elf.size"
   text	   data	    bss	    dec	    hex	filename
  12980	    908	   5856	  19744	   4d20	per_test.elf
'Finished building: per_test.elf.size'
' '
17:51:00 **** Incremental Build of configuration Debug for project per_test ****
make all 
make: Nothing to be done for 'all'.
17:51:35 **** Auto Build of configuration Debug for project per_test ****
make all 
'Building file: ../src/testperiph.c'
'Invoking: MicroBlaze gcc compiler'
mb-gcc -Wall -O0 -g3 -c -fmessage-length=0 -MT"src/testperiph.o" -I../../start_project_bsp/microblaze_0/include -mlittle-endian -mcpu=v11.0 -mxl-soft-mul -Wl,--no-relax -ffunction-sections -fdata-sections -MMD -MP -MF"src/testperiph.d" -MT"src/testperiph.o" -o "src/testperiph.o" "../src/testperiph.c"
../src/testperiph.c: In function 'main':
../src/testperiph.c:82:5: warning: implicit declaration of function 'GetSystemValues' [-Wimplicit-function-declaration]
     GetSystemValues();
     ^~~~~~~~~~~~~~~
../src/testperiph.c:83:5: warning: implicit declaration of function 'SetValuesInAddressSpace' [-Wimplicit-function-declaration]
     SetValuesInAddressSpace();
     ^~~~~~~~~~~~~~~~~~~~~~~
../src/testperiph.c:97:5: warning: implicit declaration of function 'GetData' [-Wimplicit-function-declaration]
     GetData(&axi_uartlite_0_UartLite); // тестова€, надо ждать прерывани€
     ^~~~~~~
../src/testperiph.c:101:6: warning: implicit declaration of function 'SendData' [-Wimplicit-function-declaration]
      SendData(&axi_uartlite_0_UartLite, PrepareDataToSend());
      ^~~~~~~~
../src/testperiph.c:101:41: warning: implicit declaration of function 'PrepareDataToSend' [-Wimplicit-function-declaration]
      SendData(&axi_uartlite_0_UartLite, PrepareDataToSend());
                                         ^~~~~~~~~~~~~~~~~
../src/testperiph.c:114:5: warning: implicit declaration of function 'GpioOutputWrite'; did you mean 'XGpio_DiscreteWrite'? [-Wimplicit-function-declaration]
     GpioOutputWrite(GetByte(1));
     ^~~~~~~~~~~~~~~
     XGpio_DiscreteWrite
../src/testperiph.c:114:21: warning: implicit declaration of function 'GetByte'; did you mean 'outbyte'? [-Wimplicit-function-declaration]
     GpioOutputWrite(GetByte(1));
                     ^~~~~~~
                     outbyte
'Finished building: ../src/testperiph.c'
' '
'Building target: per_test.elf'
'Invoking: MicroBlaze gcc linker'
mb-gcc -Wl,-T -Wl,../src/lscript.ld -L../../start_project_bsp/microblaze_0/lib -mlittle-endian -mcpu=v11.0 -mxl-soft-mul -Wl,--no-relax -Wl,--gc-sections -o "per_test.elf"  ./src/CRC_Functions.o ./src/current_system_status.o ./src/initializationl_functions.o ./src/logical_functions.o ./src/testperiph.o ./src/xgpio_tapp_example.o ./src/xintc_tapp_example.o ./src/xspi_selftest_example.o ./src/xuartlite_intr_tapp_example.o ./src/xuartlite_selftest_example.o   -Wl,--start-group,-lxil,-lgcc,-lc,--end-group -Wl,--start-group,-lxilisf,-lxil,-lgcc,-lc,--end-group
'Finished building target: per_test.elf'
' '
'Invoking: MicroBlaze Print Size'
mb-size per_test.elf  |tee "per_test.elf.size"
   text	   data	    bss	    dec	    hex	filename
  12980	    908	   5856	  19744	   4d20	per_test.elf
'Finished building: per_test.elf.size'
' '
17:51:40 **** Incremental Build of configuration Debug for project per_test ****
make all 
make: Nothing to be done for 'all'.
17:52:26 **** Auto Build of configuration Debug for project per_test ****
make all 
'Building file: ../src/testperiph.c'
'Invoking: MicroBlaze gcc compiler'
mb-gcc -Wall -O0 -g3 -c -fmessage-length=0 -MT"src/testperiph.o" -I../../start_project_bsp/microblaze_0/include -mlittle-endian -mcpu=v11.0 -mxl-soft-mul -Wl,--no-relax -ffunction-sections -fdata-sections -MMD -MP -MF"src/testperiph.d" -MT"src/testperiph.o" -o "src/testperiph.o" "../src/testperiph.c"
../src/testperiph.c: In function 'main':
../src/testperiph.c:82:5: warning: implicit declaration of function 'GetSystemValues' [-Wimplicit-function-declaration]
     GetSystemValues();
     ^~~~~~~~~~~~~~~
../src/testperiph.c:83:5: warning: implicit declaration of function 'SetValuesInAddressSpace' [-Wimplicit-function-declaration]
     SetValuesInAddressSpace();
     ^~~~~~~~~~~~~~~~~~~~~~~
../src/testperiph.c:97:5: warning: implicit declaration of function 'GetData' [-Wimplicit-function-declaration]
     GetData(&axi_uartlite_0_UartLite); // тестова€, надо ждать прерывани€
     ^~~~~~~
../src/testperiph.c:101:6: warning: implicit declaration of function 'SendData' [-Wimplicit-function-declaration]
      SendData(&axi_uartlite_0_UartLite, PrepareDataToSend());
      ^~~~~~~~
../src/testperiph.c:101:41: warning: implicit declaration of function 'PrepareDataToSend' [-Wimplicit-function-declaration]
      SendData(&axi_uartlite_0_UartLite, PrepareDataToSend());
                                         ^~~~~~~~~~~~~~~~~
../src/testperiph.c:114:5: warning: implicit declaration of function 'GpioOutputWrite'; did you mean 'XGpio_DiscreteWrite'? [-Wimplicit-function-declaration]
     GpioOutputWrite(GetByte(1));
     ^~~~~~~~~~~~~~~
     XGpio_DiscreteWrite
../src/testperiph.c:114:21: warning: implicit declaration of function 'GetByte'; did you mean 'outbyte'? [-Wimplicit-function-declaration]
     GpioOutputWrite(GetByte(1));
                     ^~~~~~~
                     outbyte
'Finished building: ../src/testperiph.c'
' '
'Building target: per_test.elf'
'Invoking: MicroBlaze gcc linker'
mb-gcc -Wl,-T -Wl,../src/lscript.ld -L../../start_project_bsp/microblaze_0/lib -mlittle-endian -mcpu=v11.0 -mxl-soft-mul -Wl,--no-relax -Wl,--gc-sections -o "per_test.elf"  ./src/CRC_Functions.o ./src/current_system_status.o ./src/initializationl_functions.o ./src/logical_functions.o ./src/testperiph.o ./src/xgpio_tapp_example.o ./src/xintc_tapp_example.o ./src/xspi_selftest_example.o ./src/xuartlite_intr_tapp_example.o ./src/xuartlite_selftest_example.o   -Wl,--start-group,-lxil,-lgcc,-lc,--end-group -Wl,--start-group,-lxilisf,-lxil,-lgcc,-lc,--end-group
'Finished building target: per_test.elf'
' '
'Invoking: MicroBlaze Print Size'
mb-size per_test.elf  |tee "per_test.elf.size"
   text	   data	    bss	    dec	    hex	filename
  12980	    908	   5856	  19744	   4d20	per_test.elf
'Finished building: per_test.elf.size'
' '
17:52:31 **** Incremental Build of configuration Debug for project per_test ****
make all 
make: Nothing to be done for 'all'.
17:53:41 **** Auto Build of configuration Debug for project per_test ****
make all 
'Building file: ../src/testperiph.c'
'Invoking: MicroBlaze gcc compiler'
mb-gcc -Wall -O0 -g3 -c -fmessage-length=0 -MT"src/testperiph.o" -I../../start_project_bsp/microblaze_0/include -mlittle-endian -mcpu=v11.0 -mxl-soft-mul -Wl,--no-relax -ffunction-sections -fdata-sections -MMD -MP -MF"src/testperiph.d" -MT"src/testperiph.o" -o "src/testperiph.o" "../src/testperiph.c"
../src/testperiph.c: In function 'main':
../src/testperiph.c:82:5: warning: implicit declaration of function 'GetSystemValues' [-Wimplicit-function-declaration]
     GetSystemValues();
     ^~~~~~~~~~~~~~~
../src/testperiph.c:83:5: warning: implicit declaration of function 'SetValuesInAddressSpace' [-Wimplicit-function-declaration]
     SetValuesInAddressSpace();
     ^~~~~~~~~~~~~~~~~~~~~~~
../src/testperiph.c:97:5: warning: implicit declaration of function 'GetData' [-Wimplicit-function-declaration]
     GetData(&axi_uartlite_0_UartLite); // тестова€, надо ждать прерывани€
     ^~~~~~~
../src/testperiph.c:98:20: error: stray '\300' in program
     if (count < 0x0јFF) { // меньше не работает отображение на мобилке
                    ^
../src/testperiph.c:98:20: error: expected ')' before 'FF'
     if (count < 0x0јFF) { // меньше не работает отображение на мобилке
        ~           ^~~
                    )
../src/testperiph.c:101:6: warning: implicit declaration of function 'SendData' [-Wimplicit-function-declaration]
      SendData(&axi_uartlite_0_UartLite, PrepareDataToSend());
      ^~~~~~~~
../src/testperiph.c:101:41: warning: implicit declaration of function 'PrepareDataToSend' [-Wimplicit-function-declaration]
      SendData(&axi_uartlite_0_UartLite, PrepareDataToSend());
                                         ^~~~~~~~~~~~~~~~~
../src/testperiph.c:114:5: warning: implicit declaration of function 'GpioOutputWrite'; did you mean 'XGpio_DiscreteWrite'? [-Wimplicit-function-declaration]
     GpioOutputWrite(GetByte(1));
     ^~~~~~~~~~~~~~~
     XGpio_DiscreteWrite
../src/testperiph.c:114:21: warning: implicit declaration of function 'GetByte'; did you mean 'outbyte'? [-Wimplicit-function-declaration]
     GpioOutputWrite(GetByte(1));
                     ^~~~~~~
                     outbyte
make: *** [src/subdir.mk:50: src/testperiph.o] Error 1
17:53:44 **** Incremental Build of configuration Debug for project per_test ****
make all 
'Building file: ../src/testperiph.c'
'Invoking: MicroBlaze gcc compiler'
mb-gcc -Wall -O0 -g3 -c -fmessage-length=0 -MT"src/testperiph.o" -I../../start_project_bsp/microblaze_0/include -mlittle-endian -mcpu=v11.0 -mxl-soft-mul -Wl,--no-relax -ffunction-sections -fdata-sections -MMD -MP -MF"src/testperiph.d" -MT"src/testperiph.o" -o "src/testperiph.o" "../src/testperiph.c"
../src/testperiph.c: In function 'main':
../src/testperiph.c:82:5: warning: implicit declaration of function 'GetSystemValues' [-Wimplicit-function-declaration]
     GetSystemValues();
     ^~~~~~~~~~~~~~~
../src/testperiph.c:83:5: warning: implicit declaration of function 'SetValuesInAddressSpace' [-Wimplicit-function-declaration]
     SetValuesInAddressSpace();
     ^~~~~~~~~~~~~~~~~~~~~~~
../src/testperiph.c:97:5: warning: implicit declaration of function 'GetData' [-Wimplicit-function-declaration]
     GetData(&axi_uartlite_0_UartLite); // тестова€, надо ждать прерывани€
     ^~~~~~~
../src/testperiph.c:98:20: error: stray '\300' in program
     if (count < 0x0јFF) { // меньше не работает отображение на мобилке
                    ^
../src/testperiph.c:98:20: error: expected ')' before 'FF'
     if (count < 0x0јFF) { // меньше не работает отображение на мобилке
        ~           ^~~
                    )
../src/testperiph.c:101:6: warning: implicit declaration of function 'SendData' [-Wimplicit-function-declaration]
      SendData(&axi_uartlite_0_UartLite, PrepareDataToSend());
      ^~~~~~~~
../src/testperiph.c:101:41: warning: implicit declaration of function 'PrepareDataToSend' [-Wimplicit-function-declaration]
      SendData(&axi_uartlite_0_UartLite, PrepareDataToSend());
                                         ^~~~~~~~~~~~~~~~~
../src/testperiph.c:114:5: warning: implicit declaration of function 'GpioOutputWrite'; did you mean 'XGpio_DiscreteWrite'? [-Wimplicit-function-declaration]
     GpioOutputWrite(GetByte(1));
     ^~~~~~~~~~~~~~~
     XGpio_DiscreteWrite
../src/testperiph.c:114:21: warning: implicit declaration of function 'GetByte'; did you mean 'outbyte'? [-Wimplicit-function-declaration]
     GpioOutputWrite(GetByte(1));
                     ^~~~~~~
                     outbyte
make: *** [src/subdir.mk:50: src/testperiph.o] Error 1
17:53:56 **** Auto Build of configuration Debug for project per_test ****
make all 
'Building file: ../src/testperiph.c'
'Invoking: MicroBlaze gcc compiler'
mb-gcc -Wall -O0 -g3 -c -fmessage-length=0 -MT"src/testperiph.o" -I../../start_project_bsp/microblaze_0/include -mlittle-endian -mcpu=v11.0 -mxl-soft-mul -Wl,--no-relax -ffunction-sections -fdata-sections -MMD -MP -MF"src/testperiph.d" -MT"src/testperiph.o" -o "src/testperiph.o" "../src/testperiph.c"
../src/testperiph.c: In function 'main':
../src/testperiph.c:82:5: warning: implicit declaration of function 'GetSystemValues' [-Wimplicit-function-declaration]
     GetSystemValues();
     ^~~~~~~~~~~~~~~
../src/testperiph.c:83:5: warning: implicit declaration of function 'SetValuesInAddressSpace' [-Wimplicit-function-declaration]
     SetValuesInAddressSpace();
     ^~~~~~~~~~~~~~~~~~~~~~~
../src/testperiph.c:97:5: warning: implicit declaration of function 'GetData' [-Wimplicit-function-declaration]
     GetData(&axi_uartlite_0_UartLite); // тестова€, надо ждать прерывани€
     ^~~~~~~
../src/testperiph.c:101:6: warning: implicit declaration of function 'SendData' [-Wimplicit-function-declaration]
      SendData(&axi_uartlite_0_UartLite, PrepareDataToSend());
      ^~~~~~~~
../src/testperiph.c:101:41: warning: implicit declaration of function 'PrepareDataToSend' [-Wimplicit-function-declaration]
      SendData(&axi_uartlite_0_UartLite, PrepareDataToSend());
                                         ^~~~~~~~~~~~~~~~~
../src/testperiph.c:114:5: warning: implicit declaration of function 'GpioOutputWrite'; did you mean 'XGpio_DiscreteWrite'? [-Wimplicit-function-declaration]
     GpioOutputWrite(GetByte(1));
     ^~~~~~~~~~~~~~~
     XGpio_DiscreteWrite
../src/testperiph.c:114:21: warning: implicit declaration of function 'GetByte'; did you mean 'outbyte'? [-Wimplicit-function-declaration]
     GpioOutputWrite(GetByte(1));
                     ^~~~~~~
                     outbyte
'Finished building: ../src/testperiph.c'
' '
'Building target: per_test.elf'
'Invoking: MicroBlaze gcc linker'
mb-gcc -Wl,-T -Wl,../src/lscript.ld -L../../start_project_bsp/microblaze_0/lib -mlittle-endian -mcpu=v11.0 -mxl-soft-mul -Wl,--no-relax -Wl,--gc-sections -o "per_test.elf"  ./src/CRC_Functions.o ./src/current_system_status.o ./src/initializationl_functions.o ./src/logical_functions.o ./src/testperiph.o ./src/xgpio_tapp_example.o ./src/xintc_tapp_example.o ./src/xspi_selftest_example.o ./src/xuartlite_intr_tapp_example.o ./src/xuartlite_selftest_example.o   -Wl,--start-group,-lxil,-lgcc,-lc,--end-group -Wl,--start-group,-lxilisf,-lxil,-lgcc,-lc,--end-group
'Finished building target: per_test.elf'
' '
'Invoking: MicroBlaze Print Size'
mb-size per_test.elf  |tee "per_test.elf.size"
   text	   data	    bss	    dec	    hex	filename
  12980	    908	   5856	  19744	   4d20	per_test.elf
'Finished building: per_test.elf.size'
' '
17:54:01 **** Incremental Build of configuration Debug for project per_test ****
make all 
make: Nothing to be done for 'all'.
